<?xml version="1.0" encoding="UTF-8"?>
<testng-results ignored="0" total="1" passed="0" failed="1" skipped="0">
  <reporter-output>
  </reporter-output>
  <suite started-at="2023-05-31T16:51:36 IST" name="Suite" finished-at="2023-05-31T16:53:09 IST" duration-ms="93779">
    <groups>
    </groups>
    <test started-at="2023-05-31T16:51:36 IST" name="Test" finished-at="2023-05-31T16:53:09 IST" duration-ms="93779">
      <class name="compliance.Functional.SSLLABS_AWS">
        <test-method is-config="true" signature="startReport(java.lang.String, java.lang.String)[pri:0, instance:compliance.Functional.SSLLABS_AWS@2ea6e30c]" started-at="2023-05-31T16:51:36 IST" name="startReport" finished-at="2023-05-31T16:51:42 IST" duration-ms="5890" status="PASS">
          <params>
            <param index="0">
              <value>
                <![CDATA[chrome]]>
              </value>
            </param>
            <param index="1">
              <value>
                <![CDATA[NA]]>
              </value>
            </param>
          </params>
          <reporter-output>
          </reporter-output>
        </test-method> <!-- startReport -->
        <test-method is-config="true" signature="setPlatformType(java.lang.String, java.lang.String, java.lang.String, java.lang.String, java.lang.String, java.lang.String, java.lang.String, java.lang.String, java.lang.String, java.lang.String, java.lang.String, java.lang.String, java.lang.String, java.lang.String, java.lang.String, java.lang.String, java.lang.String, java.lang.String, java.lang.String, java.lang.String, java.lang.String, java.lang.String, java.lang.String, java.lang.String, java.lang.String, java.lang.String, java.lang.String, java.lang.String, java.lang.String, java.lang.String, java.lang.String, java.lang.String, java.lang.String, java.lang.String, java.lang.String, java.lang.String, java.lang.String, java.lang.String, java.lang.String, java.lang.String, java.lang.String, java.lang.String, java.lang.String, java.lang.String, java.lang.String, java.lang.String, java.lang.String, java.lang.String)[pri:0, instance:compliance.Functional.SSLLABS_AWS@2ea6e30c]" started-at="2023-05-31T16:51:42 IST" name="setPlatformType" finished-at="2023-05-31T16:51:42 IST" duration-ms="14" status="PASS">
          <params>
            <param index="0">
              <value>
                <![CDATA[chrome]]>
              </value>
            </param>
            <param index="1">
              <value>
                <![CDATA[https://www.ssllabs.com/ssltest]]>
              </value>
            </param>
            <param index="2">
              <value>
                <![CDATA[NA]]>
              </value>
            </param>
            <param index="3">
              <value>
                <![CDATA[NA]]>
              </value>
            </param>
            <param index="4">
              <value>
                <![CDATA[NA]]>
              </value>
            </param>
            <param index="5">
              <value>
                <![CDATA[NA]]>
              </value>
            </param>
            <param index="6">
              <value>
                <![CDATA[NA]]>
              </value>
            </param>
            <param index="7">
              <value>
                <![CDATA[NA]]>
              </value>
            </param>
            <param index="8">
              <value>
                <![CDATA[NA]]>
              </value>
            </param>
            <param index="9">
              <value>
                <![CDATA[NA]]>
              </value>
            </param>
            <param index="10">
              <value>
                <![CDATA[NA]]>
              </value>
            </param>
            <param index="11">
              <value>
                <![CDATA[NA]]>
              </value>
            </param>
            <param index="12">
              <value>
                <![CDATA[NA]]>
              </value>
            </param>
            <param index="13">
              <value>
                <![CDATA[NA]]>
              </value>
            </param>
            <param index="14">
              <value>
                <![CDATA[NA]]>
              </value>
            </param>
            <param index="15">
              <value>
                <![CDATA[NA]]>
              </value>
            </param>
            <param index="16">
              <value>
                <![CDATA[NA]]>
              </value>
            </param>
            <param index="17">
              <value>
                <![CDATA[NA]]>
              </value>
            </param>
            <param index="18">
              <value>
                <![CDATA[NA]]>
              </value>
            </param>
            <param index="19">
              <value>
                <![CDATA[NA]]>
              </value>
            </param>
            <param index="20">
              <value>
                <![CDATA[NA]]>
              </value>
            </param>
            <param index="21">
              <value>
                <![CDATA[NA]]>
              </value>
            </param>
            <param index="22">
              <value>
                <![CDATA[NA]]>
              </value>
            </param>
            <param index="23">
              <value>
                <![CDATA[NA]]>
              </value>
            </param>
            <param index="24">
              <value>
                <![CDATA[NA]]>
              </value>
            </param>
            <param index="25">
              <value>
                <![CDATA[NA]]>
              </value>
            </param>
            <param index="26">
              <value>
                <![CDATA[NA]]>
              </value>
            </param>
            <param index="27">
              <value>
                <![CDATA[NA]]>
              </value>
            </param>
            <param index="28">
              <value>
                <![CDATA[NA]]>
              </value>
            </param>
            <param index="29">
              <value>
                <![CDATA[http://a9fc52773cf3a424888698fe37b88eb0-2021981989.us-east-2.elb.amazonaws.com]]>
              </value>
            </param>
            <param index="30">
              <value>
                <![CDATA[NA]]>
              </value>
            </param>
            <param index="31">
              <value>
                <![CDATA[NA]]>
              </value>
            </param>
            <param index="32">
              <value>
                <![CDATA[NA]]>
              </value>
            </param>
            <param index="33">
              <value>
                <![CDATA[NA]]>
              </value>
            </param>
            <param index="34">
              <value>
                <![CDATA[NA]]>
              </value>
            </param>
            <param index="35">
              <value>
                <![CDATA[NA]]>
              </value>
            </param>
            <param index="36">
              <value>
                <![CDATA[NA]]>
              </value>
            </param>
            <param index="37">
              <value>
                <![CDATA[NA]]>
              </value>
            </param>
            <param index="38">
              <value>
                <![CDATA[NA]]>
              </value>
            </param>
            <param index="39">
              <value>
                <![CDATA[NA]]>
              </value>
            </param>
            <param index="40">
              <value>
                <![CDATA[NA]]>
              </value>
            </param>
            <param index="41">
              <value>
                <![CDATA[NA]]>
              </value>
            </param>
            <param index="42">
              <value>
                <![CDATA[NA]]>
              </value>
            </param>
            <param index="43">
              <value>
                <![CDATA[NA]]>
              </value>
            </param>
            <param index="44">
              <value>
                <![CDATA[NA]]>
              </value>
            </param>
            <param index="45">
              <value>
                <![CDATA[NA]]>
              </value>
            </param>
            <param index="46">
              <value>
                <![CDATA[NA]]>
              </value>
            </param>
            <param index="47">
              <value>
                <![CDATA[NA]]>
              </value>
            </param>
          </params>
          <reporter-output>
          </reporter-output>
        </test-method> <!-- setPlatformType -->
        <test-method is-config="true" signature="initSetUp()[pri:0, instance:compliance.Functional.SSLLABS_AWS@2ea6e30c]" started-at="2023-05-31T16:51:42 IST" name="initSetUp" finished-at="2023-05-31T16:52:07 IST" duration-ms="25099" status="PASS">
          <reporter-output>
          </reporter-output>
        </test-method> <!-- initSetUp -->
        <test-method is-config="true" signature="register(java.lang.reflect.Method)[pri:0, instance:compliance.Functional.SSLLABS_AWS@2ea6e30c]" started-at="2023-05-31T16:52:07 IST" name="register" finished-at="2023-05-31T16:52:07 IST" duration-ms="25" status="PASS">
          <params>
            <param index="0">
              <value>
                <![CDATA[public void compliance.Functional.SSLLABS_AWS.SSLUrlSearch() throws java.lang.InterruptedException,java.io.IOException]]>
              </value>
            </param>
          </params>
          <reporter-output>
          </reporter-output>
        </test-method> <!-- register -->
        <test-method signature="SSLUrlSearch()[pri:0, instance:compliance.Functional.SSLLABS_AWS@2ea6e30c]" started-at="2023-05-31T16:52:07 IST" name="SSLUrlSearch" finished-at="2023-05-31T16:53:07 IST" duration-ms="59902" status="FAIL">
          <exception class="java.lang.AssertionError">
            <message>
              <![CDATA[did not expect to find [true] but found [false]]]>
            </message>
            <full-stacktrace>
              <![CDATA[java.lang.AssertionError: did not expect to find [true] but found [false]
at org.testng.Assert.fail(Assert.java:97)
at org.testng.Assert.failNotEquals(Assert.java:969)
at org.testng.Assert.assertTrue(Assert.java:43)
at org.testng.Assert.assertTrue(Assert.java:53)
at compliance.Functional.SSLLABS_AWS.SSLUrlSearch(SSLLABS_AWS.java:50)
at java.base/jdk.internal.reflect.NativeMethodAccessorImpl.invoke0(Native Method)
at java.base/jdk.internal.reflect.NativeMethodAccessorImpl.invoke(NativeMethodAccessorImpl.java:77)
at java.base/jdk.internal.reflect.DelegatingMethodAccessorImpl.invoke(DelegatingMethodAccessorImpl.java:43)
at java.base/java.lang.reflect.Method.invoke(Method.java:568)
at org.testng.internal.MethodInvocationHelper.invokeMethod(MethodInvocationHelper.java:133)
at org.testng.internal.TestInvoker.invokeMethod(TestInvoker.java:584)
at org.testng.internal.TestInvoker.invokeTestMethod(TestInvoker.java:172)
at org.testng.internal.MethodRunner.runInSequence(MethodRunner.java:46)
at org.testng.internal.TestInvoker$MethodInvocationAgent.invoke(TestInvoker.java:804)
at org.testng.internal.TestInvoker.invokeTestMethods(TestInvoker.java:145)
at org.testng.internal.TestMethodWorker.invokeTestMethods(TestMethodWorker.java:146)
at org.testng.internal.TestMethodWorker.run(TestMethodWorker.java:128)
at java.base/java.util.ArrayList.forEach(ArrayList.java:1511)
at org.testng.TestRunner.privateRun(TestRunner.java:770)
at org.testng.TestRunner.run(TestRunner.java:591)
at org.testng.SuiteRunner.runTest(SuiteRunner.java:402)
at org.testng.SuiteRunner.runSequentially(SuiteRunner.java:396)
at org.testng.SuiteRunner.privateRun(SuiteRunner.java:355)
at org.testng.SuiteRunner.run(SuiteRunner.java:304)
at org.testng.SuiteRunnerWorker.runSuite(SuiteRunnerWorker.java:53)
at org.testng.SuiteRunnerWorker.run(SuiteRunnerWorker.java:96)
at org.testng.TestNG.runSuitesSequentially(TestNG.java:1180)
at org.testng.TestNG.runSuitesLocally(TestNG.java:1102)
at org.testng.TestNG.runSuites(TestNG.java:1032)
at org.testng.TestNG.run(TestNG.java:1000)
at org.testng.remote.AbstractRemoteTestNG.run(AbstractRemoteTestNG.java:115)
at org.testng.remote.RemoteTestNG.initAndRun(RemoteTestNG.java:251)
at org.testng.remote.RemoteTestNG.main(RemoteTestNG.java:77)
]]>
            </full-stacktrace>
          </exception> <!-- java.lang.AssertionError -->
          <reporter-output>
          </reporter-output>
        </test-method> <!-- SSLUrlSearch -->
        <test-method is-config="true" signature="getResult(org.testng.ITestResult)[pri:0, instance:compliance.Functional.SSLLABS_AWS@2ea6e30c]" started-at="2023-05-31T16:53:07 IST" name="getResult" finished-at="2023-05-31T16:53:08 IST" duration-ms="897" status="PASS">
          <params>
            <param index="0">
              <value>
                <![CDATA[[TestResult name=SSLUrlSearch status=FAILURE method=SSLLABS_AWS.SSLUrlSearch()[pri:0, instance:compliance.Functional.SSLLABS_AWS@2ea6e30c] output={null}]]]>
              </value>
            </param>
          </params>
          <reporter-output>
          </reporter-output>
        </test-method> <!-- getResult -->
        <test-method is-config="true" signature="endDriver()[pri:0, instance:compliance.Functional.SSLLABS_AWS@2ea6e30c]" started-at="2023-05-31T16:53:08 IST" name="endDriver" finished-at="2023-05-31T16:53:08 IST" duration-ms="0" status="PASS">
          <reporter-output>
          </reporter-output>
        </test-method> <!-- endDriver -->
        <test-method is-config="true" signature="endReport()[pri:0, instance:compliance.Functional.SSLLABS_AWS@2ea6e30c]" started-at="2023-05-31T16:53:08 IST" name="endReport" finished-at="2023-05-31T16:53:09 IST" duration-ms="1822" status="PASS">
          <reporter-output>
          </reporter-output>
        </test-method> <!-- endReport -->
      </class> <!-- compliance.Functional.SSLLABS_AWS -->
    </test> <!-- Test -->
  </suite> <!-- Suite -->
</testng-results>
