<?xml version="1.0" encoding="UTF-8"?>
<!-- Generated by org.testng.reporters.JUnitXMLReporter -->
<testsuite ignored="0" hostname="BDC14-L-F27H460" failures="1" tests="1" name="Test" time="93.779" errors="0" timestamp="2023-05-31T16:53:09 IST">
  <testcase classname="compliance.Functional.SSLLABS_AWS" name="SSLUrlSearch" time="59.902">
    <failure type="java.lang.AssertionError" message="did not expect to find [true] but found [false]">
      <![CDATA[java.lang.AssertionError: did not expect to find [true] but found [false]
at compliance.Functional.SSLLABS_AWS.SSLUrlSearch(SSLLABS_AWS.java:50)
at java.base/java.util.ArrayList.forEach(ArrayList.java:1511)
... Removed 31 stack frames]]>
    </failure>
  </testcase> <!-- SSLUrlSearch -->
</testsuite> <!-- Test -->
